Determining if the pthread_create exist failed with the following output:
Change Dir: /home/huxinyi/桌面/数字图像处理/3周课后/c++/build/CMakeFiles/CMakeTmp

Run Build Command:"/usr/bin/make" "cmTC_2e509/fast"
/usr/bin/make -f CMakeFiles/cmTC_2e509.dir/build.make CMakeFiles/cmTC_2e509.dir/build
make[1]: Entering directory '/home/huxinyi/桌面/数字图像处理/3周课后/c++/build/CMakeFiles/CMakeTmp'
Building C object CMakeFiles/cmTC_2e509.dir/CheckSymbolExists.c.o
/usr/bin/cc    -fPIC    -o CMakeFiles/cmTC_2e509.dir/CheckSymbolExists.c.o   -c /home/huxinyi/桌面/数字图像处理/3周课后/c++/build/CMakeFiles/CMakeTmp/CheckSymbolExists.c
Linking C executable cmTC_2e509
/usr/bin/cmake -E cmake_link_script CMakeFiles/cmTC_2e509.dir/link.txt --verbose=1
/usr/bin/cc  -fPIC     CMakeFiles/cmTC_2e509.dir/CheckSymbolExists.c.o  -o cmTC_2e509 -rdynamic 
CMakeFiles/cmTC_2e509.dir/CheckSymbolExists.c.o：在函数‘main’中：
CheckSymbolExists.c:(.text+0x1b)：对‘pthread_create’未定义的引用
collect2: error: ld returned 1 exit status
CMakeFiles/cmTC_2e509.dir/build.make:97: recipe for target 'cmTC_2e509' failed
make[1]: *** [cmTC_2e509] Error 1
make[1]: Leaving directory '/home/huxinyi/桌面/数字图像处理/3周课后/c++/build/CMakeFiles/CMakeTmp'
Makefile:126: recipe for target 'cmTC_2e509/fast' failed
make: *** [cmTC_2e509/fast] Error 2

File /home/huxinyi/桌面/数字图像处理/3周课后/c++/build/CMakeFiles/CMakeTmp/CheckSymbolExists.c:
/* */
#include <pthread.h>

int main(int argc, char** argv)
{
  (void)argv;
#ifndef pthread_create
  return ((int*)(&pthread_create))[argc];
#else
  (void)argc;
  return 0;
#endif
}

Determining if the function pthread_create exists in the pthreads failed with the following output:
Change Dir: /home/huxinyi/桌面/数字图像处理/3周课后/c++/build/CMakeFiles/CMakeTmp

Run Build Command:"/usr/bin/make" "cmTC_fbc02/fast"
/usr/bin/make -f CMakeFiles/cmTC_fbc02.dir/build.make CMakeFiles/cmTC_fbc02.dir/build
make[1]: Entering directory '/home/huxinyi/桌面/数字图像处理/3周课后/c++/build/CMakeFiles/CMakeTmp'
Building C object CMakeFiles/cmTC_fbc02.dir/CheckFunctionExists.c.o
/usr/bin/cc    -fPIC -DCHECK_FUNCTION_EXISTS=pthread_create   -o CMakeFiles/cmTC_fbc02.dir/CheckFunctionExists.c.o   -c /usr/share/cmake-3.5/Modules/CheckFunctionExists.c
Linking C executable cmTC_fbc02
/usr/bin/cmake -E cmake_link_script CMakeFiles/cmTC_fbc02.dir/link.txt --verbose=1
/usr/bin/cc  -fPIC -DCHECK_FUNCTION_EXISTS=pthread_create    CMakeFiles/cmTC_fbc02.dir/CheckFunctionExists.c.o  -o cmTC_fbc02 -rdynamic -lpthreads 
/usr/bin/ld: 找不到 -lpthreads
collect2: error: ld returned 1 exit status
CMakeFiles/cmTC_fbc02.dir/build.make:97: recipe for target 'cmTC_fbc02' failed
make[1]: *** [cmTC_fbc02] Error 1
make[1]: Leaving directory '/home/huxinyi/桌面/数字图像处理/3周课后/c++/build/CMakeFiles/CMakeTmp'
Makefile:126: recipe for target 'cmTC_fbc02/fast' failed
make: *** [cmTC_fbc02/fast] Error 2


