Determining if the pthread_create exist failed with the following output:
Change Dir: /home/huxinyi/桌面/数字图像处理/3周课后/team_work/c++/build/CMakeFiles/CMakeTmp

Run Build Command:"/usr/bin/make" "cmTC_adcb6/fast"
/usr/bin/make -f CMakeFiles/cmTC_adcb6.dir/build.make CMakeFiles/cmTC_adcb6.dir/build
make[1]: Entering directory '/home/huxinyi/桌面/数字图像处理/3周课后/team_work/c++/build/CMakeFiles/CMakeTmp'
Building C object CMakeFiles/cmTC_adcb6.dir/CheckSymbolExists.c.o
/usr/bin/cc    -fPIC    -o CMakeFiles/cmTC_adcb6.dir/CheckSymbolExists.c.o   -c /home/huxinyi/桌面/数字图像处理/3周课后/team_work/c++/build/CMakeFiles/CMakeTmp/CheckSymbolExists.c
Linking C executable cmTC_adcb6
/usr/bin/cmake -E cmake_link_script CMakeFiles/cmTC_adcb6.dir/link.txt --verbose=1
/usr/bin/cc  -fPIC     CMakeFiles/cmTC_adcb6.dir/CheckSymbolExists.c.o  -o cmTC_adcb6 -rdynamic 
CMakeFiles/cmTC_adcb6.dir/CheckSymbolExists.c.o：在函数‘main’中：
CheckSymbolExists.c:(.text+0x1b)：对‘pthread_create’未定义的引用
collect2: error: ld returned 1 exit status
CMakeFiles/cmTC_adcb6.dir/build.make:97: recipe for target 'cmTC_adcb6' failed
make[1]: *** [cmTC_adcb6] Error 1
make[1]: Leaving directory '/home/huxinyi/桌面/数字图像处理/3周课后/team_work/c++/build/CMakeFiles/CMakeTmp'
Makefile:126: recipe for target 'cmTC_adcb6/fast' failed
make: *** [cmTC_adcb6/fast] Error 2

File /home/huxinyi/桌面/数字图像处理/3周课后/team_work/c++/build/CMakeFiles/CMakeTmp/CheckSymbolExists.c:
/* */
#include <pthread.h>

int main(int argc, char** argv)
{
  (void)argv;
#ifndef pthread_create
  return ((int*)(&pthread_create))[argc];
#else
  (void)argc;
  return 0;
#endif
}

Determining if the function pthread_create exists in the pthreads failed with the following output:
Change Dir: /home/huxinyi/桌面/数字图像处理/3周课后/team_work/c++/build/CMakeFiles/CMakeTmp

Run Build Command:"/usr/bin/make" "cmTC_4acc2/fast"
/usr/bin/make -f CMakeFiles/cmTC_4acc2.dir/build.make CMakeFiles/cmTC_4acc2.dir/build
make[1]: Entering directory '/home/huxinyi/桌面/数字图像处理/3周课后/team_work/c++/build/CMakeFiles/CMakeTmp'
Building C object CMakeFiles/cmTC_4acc2.dir/CheckFunctionExists.c.o
/usr/bin/cc    -fPIC -DCHECK_FUNCTION_EXISTS=pthread_create   -o CMakeFiles/cmTC_4acc2.dir/CheckFunctionExists.c.o   -c /usr/share/cmake-3.5/Modules/CheckFunctionExists.c
Linking C executable cmTC_4acc2
/usr/bin/cmake -E cmake_link_script CMakeFiles/cmTC_4acc2.dir/link.txt --verbose=1
/usr/bin/cc  -fPIC -DCHECK_FUNCTION_EXISTS=pthread_create    CMakeFiles/cmTC_4acc2.dir/CheckFunctionExists.c.o  -o cmTC_4acc2 -rdynamic -lpthreads 
/usr/bin/ld: 找不到 -lpthreads
collect2: error: ld returned 1 exit status
CMakeFiles/cmTC_4acc2.dir/build.make:97: recipe for target 'cmTC_4acc2' failed
make[1]: *** [cmTC_4acc2] Error 1
make[1]: Leaving directory '/home/huxinyi/桌面/数字图像处理/3周课后/team_work/c++/build/CMakeFiles/CMakeTmp'
Makefile:126: recipe for target 'cmTC_4acc2/fast' failed
make: *** [cmTC_4acc2/fast] Error 2


