Determining if the pthread_create exist failed with the following output:
Change Dir: /home/huxinyi/桌面/数字图像处理/8周课后/c++/build/CMakeFiles/CMakeTmp

Run Build Command:"/usr/bin/make" "cmTC_d81e1/fast"
/usr/bin/make -f CMakeFiles/cmTC_d81e1.dir/build.make CMakeFiles/cmTC_d81e1.dir/build
make[1]: Entering directory '/home/huxinyi/桌面/数字图像处理/8周课后/c++/build/CMakeFiles/CMakeTmp'
Building C object CMakeFiles/cmTC_d81e1.dir/CheckSymbolExists.c.o
/usr/bin/cc    -fPIC    -o CMakeFiles/cmTC_d81e1.dir/CheckSymbolExists.c.o   -c /home/huxinyi/桌面/数字图像处理/8周课后/c++/build/CMakeFiles/CMakeTmp/CheckSymbolExists.c
Linking C executable cmTC_d81e1
/usr/bin/cmake -E cmake_link_script CMakeFiles/cmTC_d81e1.dir/link.txt --verbose=1
/usr/bin/cc  -fPIC     CMakeFiles/cmTC_d81e1.dir/CheckSymbolExists.c.o  -o cmTC_d81e1 -rdynamic 
CMakeFiles/cmTC_d81e1.dir/CheckSymbolExists.c.o：在函数‘main’中：
CheckSymbolExists.c:(.text+0x1b)：对‘pthread_create’未定义的引用
collect2: error: ld returned 1 exit status
CMakeFiles/cmTC_d81e1.dir/build.make:97: recipe for target 'cmTC_d81e1' failed
make[1]: *** [cmTC_d81e1] Error 1
make[1]: Leaving directory '/home/huxinyi/桌面/数字图像处理/8周课后/c++/build/CMakeFiles/CMakeTmp'
Makefile:126: recipe for target 'cmTC_d81e1/fast' failed
make: *** [cmTC_d81e1/fast] Error 2

File /home/huxinyi/桌面/数字图像处理/8周课后/c++/build/CMakeFiles/CMakeTmp/CheckSymbolExists.c:
/* */
#include <pthread.h>

int main(int argc, char** argv)
{
  (void)argv;
#ifndef pthread_create
  return ((int*)(&pthread_create))[argc];
#else
  (void)argc;
  return 0;
#endif
}

Determining if the function pthread_create exists in the pthreads failed with the following output:
Change Dir: /home/huxinyi/桌面/数字图像处理/8周课后/c++/build/CMakeFiles/CMakeTmp

Run Build Command:"/usr/bin/make" "cmTC_114d8/fast"
/usr/bin/make -f CMakeFiles/cmTC_114d8.dir/build.make CMakeFiles/cmTC_114d8.dir/build
make[1]: Entering directory '/home/huxinyi/桌面/数字图像处理/8周课后/c++/build/CMakeFiles/CMakeTmp'
Building C object CMakeFiles/cmTC_114d8.dir/CheckFunctionExists.c.o
/usr/bin/cc    -fPIC -DCHECK_FUNCTION_EXISTS=pthread_create   -o CMakeFiles/cmTC_114d8.dir/CheckFunctionExists.c.o   -c /usr/share/cmake-3.5/Modules/CheckFunctionExists.c
Linking C executable cmTC_114d8
/usr/bin/cmake -E cmake_link_script CMakeFiles/cmTC_114d8.dir/link.txt --verbose=1
/usr/bin/cc  -fPIC -DCHECK_FUNCTION_EXISTS=pthread_create    CMakeFiles/cmTC_114d8.dir/CheckFunctionExists.c.o  -o cmTC_114d8 -rdynamic -lpthreads 
/usr/bin/ld: 找不到 -lpthreads
collect2: error: ld returned 1 exit status
CMakeFiles/cmTC_114d8.dir/build.make:97: recipe for target 'cmTC_114d8' failed
make[1]: *** [cmTC_114d8] Error 1
make[1]: Leaving directory '/home/huxinyi/桌面/数字图像处理/8周课后/c++/build/CMakeFiles/CMakeTmp'
Makefile:126: recipe for target 'cmTC_114d8/fast' failed
make: *** [cmTC_114d8/fast] Error 2


