Determining if the pthread_create exist failed with the following output:
Change Dir: /home/huxinyi/桌面/数字图像处理/12周上课/c++/build/CMakeFiles/CMakeTmp

Run Build Command:"/usr/bin/make" "cmTC_8e53c/fast"
/usr/bin/make -f CMakeFiles/cmTC_8e53c.dir/build.make CMakeFiles/cmTC_8e53c.dir/build
make[1]: Entering directory '/home/huxinyi/桌面/数字图像处理/12周上课/c++/build/CMakeFiles/CMakeTmp'
Building C object CMakeFiles/cmTC_8e53c.dir/CheckSymbolExists.c.o
/usr/bin/cc    -fPIC    -o CMakeFiles/cmTC_8e53c.dir/CheckSymbolExists.c.o   -c /home/huxinyi/桌面/数字图像处理/12周上课/c++/build/CMakeFiles/CMakeTmp/CheckSymbolExists.c
Linking C executable cmTC_8e53c
/usr/bin/cmake -E cmake_link_script CMakeFiles/cmTC_8e53c.dir/link.txt --verbose=1
/usr/bin/cc  -fPIC     CMakeFiles/cmTC_8e53c.dir/CheckSymbolExists.c.o  -o cmTC_8e53c -rdynamic 
CMakeFiles/cmTC_8e53c.dir/CheckSymbolExists.c.o：在函数‘main’中：
CheckSymbolExists.c:(.text+0x1b)：对‘pthread_create’未定义的引用
collect2: error: ld returned 1 exit status
CMakeFiles/cmTC_8e53c.dir/build.make:97: recipe for target 'cmTC_8e53c' failed
make[1]: *** [cmTC_8e53c] Error 1
make[1]: Leaving directory '/home/huxinyi/桌面/数字图像处理/12周上课/c++/build/CMakeFiles/CMakeTmp'
Makefile:126: recipe for target 'cmTC_8e53c/fast' failed
make: *** [cmTC_8e53c/fast] Error 2

File /home/huxinyi/桌面/数字图像处理/12周上课/c++/build/CMakeFiles/CMakeTmp/CheckSymbolExists.c:
/* */
#include <pthread.h>

int main(int argc, char** argv)
{
  (void)argv;
#ifndef pthread_create
  return ((int*)(&pthread_create))[argc];
#else
  (void)argc;
  return 0;
#endif
}

Determining if the function pthread_create exists in the pthreads failed with the following output:
Change Dir: /home/huxinyi/桌面/数字图像处理/12周上课/c++/build/CMakeFiles/CMakeTmp

Run Build Command:"/usr/bin/make" "cmTC_c1358/fast"
/usr/bin/make -f CMakeFiles/cmTC_c1358.dir/build.make CMakeFiles/cmTC_c1358.dir/build
make[1]: Entering directory '/home/huxinyi/桌面/数字图像处理/12周上课/c++/build/CMakeFiles/CMakeTmp'
Building C object CMakeFiles/cmTC_c1358.dir/CheckFunctionExists.c.o
/usr/bin/cc    -fPIC -DCHECK_FUNCTION_EXISTS=pthread_create   -o CMakeFiles/cmTC_c1358.dir/CheckFunctionExists.c.o   -c /usr/share/cmake-3.5/Modules/CheckFunctionExists.c
Linking C executable cmTC_c1358
/usr/bin/cmake -E cmake_link_script CMakeFiles/cmTC_c1358.dir/link.txt --verbose=1
/usr/bin/cc  -fPIC -DCHECK_FUNCTION_EXISTS=pthread_create    CMakeFiles/cmTC_c1358.dir/CheckFunctionExists.c.o  -o cmTC_c1358 -rdynamic -lpthreads 
/usr/bin/ld: 找不到 -lpthreads
collect2: error: ld returned 1 exit status
CMakeFiles/cmTC_c1358.dir/build.make:97: recipe for target 'cmTC_c1358' failed
make[1]: *** [cmTC_c1358] Error 1
make[1]: Leaving directory '/home/huxinyi/桌面/数字图像处理/12周上课/c++/build/CMakeFiles/CMakeTmp'
Makefile:126: recipe for target 'cmTC_c1358/fast' failed
make: *** [cmTC_c1358/fast] Error 2


