Determining if the pthread_create exist failed with the following output:
Change Dir: /home/huxinyi/桌面/数字图像处理/14周上课/c++/build/CMakeFiles/CMakeTmp

Run Build Command:"/usr/bin/make" "cmTC_8a2dc/fast"
/usr/bin/make -f CMakeFiles/cmTC_8a2dc.dir/build.make CMakeFiles/cmTC_8a2dc.dir/build
make[1]: Entering directory '/home/huxinyi/桌面/数字图像处理/14周上课/c++/build/CMakeFiles/CMakeTmp'
Building C object CMakeFiles/cmTC_8a2dc.dir/CheckSymbolExists.c.o
/usr/bin/cc    -fPIC    -o CMakeFiles/cmTC_8a2dc.dir/CheckSymbolExists.c.o   -c /home/huxinyi/桌面/数字图像处理/14周上课/c++/build/CMakeFiles/CMakeTmp/CheckSymbolExists.c
Linking C executable cmTC_8a2dc
/usr/bin/cmake -E cmake_link_script CMakeFiles/cmTC_8a2dc.dir/link.txt --verbose=1
/usr/bin/cc  -fPIC     CMakeFiles/cmTC_8a2dc.dir/CheckSymbolExists.c.o  -o cmTC_8a2dc -rdynamic 
CMakeFiles/cmTC_8a2dc.dir/CheckSymbolExists.c.o：在函数‘main’中：
CheckSymbolExists.c:(.text+0x1b)：对‘pthread_create’未定义的引用
collect2: error: ld returned 1 exit status
CMakeFiles/cmTC_8a2dc.dir/build.make:97: recipe for target 'cmTC_8a2dc' failed
make[1]: *** [cmTC_8a2dc] Error 1
make[1]: Leaving directory '/home/huxinyi/桌面/数字图像处理/14周上课/c++/build/CMakeFiles/CMakeTmp'
Makefile:126: recipe for target 'cmTC_8a2dc/fast' failed
make: *** [cmTC_8a2dc/fast] Error 2

File /home/huxinyi/桌面/数字图像处理/14周上课/c++/build/CMakeFiles/CMakeTmp/CheckSymbolExists.c:
/* */
#include <pthread.h>

int main(int argc, char** argv)
{
  (void)argv;
#ifndef pthread_create
  return ((int*)(&pthread_create))[argc];
#else
  (void)argc;
  return 0;
#endif
}

Determining if the function pthread_create exists in the pthreads failed with the following output:
Change Dir: /home/huxinyi/桌面/数字图像处理/14周上课/c++/build/CMakeFiles/CMakeTmp

Run Build Command:"/usr/bin/make" "cmTC_5c7b9/fast"
/usr/bin/make -f CMakeFiles/cmTC_5c7b9.dir/build.make CMakeFiles/cmTC_5c7b9.dir/build
make[1]: Entering directory '/home/huxinyi/桌面/数字图像处理/14周上课/c++/build/CMakeFiles/CMakeTmp'
Building C object CMakeFiles/cmTC_5c7b9.dir/CheckFunctionExists.c.o
/usr/bin/cc    -fPIC -DCHECK_FUNCTION_EXISTS=pthread_create   -o CMakeFiles/cmTC_5c7b9.dir/CheckFunctionExists.c.o   -c /usr/share/cmake-3.5/Modules/CheckFunctionExists.c
Linking C executable cmTC_5c7b9
/usr/bin/cmake -E cmake_link_script CMakeFiles/cmTC_5c7b9.dir/link.txt --verbose=1
/usr/bin/cc  -fPIC -DCHECK_FUNCTION_EXISTS=pthread_create    CMakeFiles/cmTC_5c7b9.dir/CheckFunctionExists.c.o  -o cmTC_5c7b9 -rdynamic -lpthreads 
/usr/bin/ld: 找不到 -lpthreads
collect2: error: ld returned 1 exit status
CMakeFiles/cmTC_5c7b9.dir/build.make:97: recipe for target 'cmTC_5c7b9' failed
make[1]: *** [cmTC_5c7b9] Error 1
make[1]: Leaving directory '/home/huxinyi/桌面/数字图像处理/14周上课/c++/build/CMakeFiles/CMakeTmp'
Makefile:126: recipe for target 'cmTC_5c7b9/fast' failed
make: *** [cmTC_5c7b9/fast] Error 2


