Determining if the pthread_create exist failed with the following output:
Change Dir: /home/huxinyi/桌面/数字图像处理/5周上课/c++/build/CMakeFiles/CMakeTmp

Run Build Command:"/usr/bin/make" "cmTC_fe086/fast"
/usr/bin/make -f CMakeFiles/cmTC_fe086.dir/build.make CMakeFiles/cmTC_fe086.dir/build
make[1]: Entering directory '/home/huxinyi/桌面/数字图像处理/5周上课/c++/build/CMakeFiles/CMakeTmp'
Building C object CMakeFiles/cmTC_fe086.dir/CheckSymbolExists.c.o
/usr/bin/cc    -fPIC    -o CMakeFiles/cmTC_fe086.dir/CheckSymbolExists.c.o   -c /home/huxinyi/桌面/数字图像处理/5周上课/c++/build/CMakeFiles/CMakeTmp/CheckSymbolExists.c
Linking C executable cmTC_fe086
/usr/bin/cmake -E cmake_link_script CMakeFiles/cmTC_fe086.dir/link.txt --verbose=1
/usr/bin/cc  -fPIC     CMakeFiles/cmTC_fe086.dir/CheckSymbolExists.c.o  -o cmTC_fe086 -rdynamic 
CMakeFiles/cmTC_fe086.dir/CheckSymbolExists.c.o：在函数‘main’中：
CheckSymbolExists.c:(.text+0x1b)：对‘pthread_create’未定义的引用
collect2: error: ld returned 1 exit status
CMakeFiles/cmTC_fe086.dir/build.make:97: recipe for target 'cmTC_fe086' failed
make[1]: *** [cmTC_fe086] Error 1
make[1]: Leaving directory '/home/huxinyi/桌面/数字图像处理/5周上课/c++/build/CMakeFiles/CMakeTmp'
Makefile:126: recipe for target 'cmTC_fe086/fast' failed
make: *** [cmTC_fe086/fast] Error 2

File /home/huxinyi/桌面/数字图像处理/5周上课/c++/build/CMakeFiles/CMakeTmp/CheckSymbolExists.c:
/* */
#include <pthread.h>

int main(int argc, char** argv)
{
  (void)argv;
#ifndef pthread_create
  return ((int*)(&pthread_create))[argc];
#else
  (void)argc;
  return 0;
#endif
}

Determining if the function pthread_create exists in the pthreads failed with the following output:
Change Dir: /home/huxinyi/桌面/数字图像处理/5周上课/c++/build/CMakeFiles/CMakeTmp

Run Build Command:"/usr/bin/make" "cmTC_fbe8b/fast"
/usr/bin/make -f CMakeFiles/cmTC_fbe8b.dir/build.make CMakeFiles/cmTC_fbe8b.dir/build
make[1]: Entering directory '/home/huxinyi/桌面/数字图像处理/5周上课/c++/build/CMakeFiles/CMakeTmp'
Building C object CMakeFiles/cmTC_fbe8b.dir/CheckFunctionExists.c.o
/usr/bin/cc    -fPIC -DCHECK_FUNCTION_EXISTS=pthread_create   -o CMakeFiles/cmTC_fbe8b.dir/CheckFunctionExists.c.o   -c /usr/share/cmake-3.5/Modules/CheckFunctionExists.c
Linking C executable cmTC_fbe8b
/usr/bin/cmake -E cmake_link_script CMakeFiles/cmTC_fbe8b.dir/link.txt --verbose=1
/usr/bin/cc  -fPIC -DCHECK_FUNCTION_EXISTS=pthread_create    CMakeFiles/cmTC_fbe8b.dir/CheckFunctionExists.c.o  -o cmTC_fbe8b -rdynamic -lpthreads 
/usr/bin/ld: 找不到 -lpthreads
collect2: error: ld returned 1 exit status
CMakeFiles/cmTC_fbe8b.dir/build.make:97: recipe for target 'cmTC_fbe8b' failed
make[1]: *** [cmTC_fbe8b] Error 1
make[1]: Leaving directory '/home/huxinyi/桌面/数字图像处理/5周上课/c++/build/CMakeFiles/CMakeTmp'
Makefile:126: recipe for target 'cmTC_fbe8b/fast' failed
make: *** [cmTC_fbe8b/fast] Error 2


